g:\projects\c++\polygon-engine\engine\engine\debug\vc141.pdb
g:\projects\c++\polygon-engine\engine\engine\debug\vc141.idb
g:\projects\c++\polygon-engine\engine\engine\debug\engine.obj
g:\projects\c++\polygon-engine\engine\engine\debug\enity.obj
g:\projects\c++\polygon-engine\engine\engine\debug\entitybehaviour.obj
g:\projects\c++\polygon-engine\engine\engine\debug\mesh.obj
g:\projects\c++\polygon-engine\engine\engine\debug\model.obj
g:\projects\c++\polygon-engine\engine\engine\debug\buffer.obj
g:\projects\c++\polygon-engine\engine\engine\debug\indexbuffer.obj
g:\projects\c++\polygon-engine\engine\engine\debug\vertexarray.obj
g:\projects\c++\polygon-engine\engine\engine\debug\material.obj
g:\projects\c++\polygon-engine\engine\engine\debug\simplerenderer.obj
g:\projects\c++\polygon-engine\engine\engine\debug\shader.obj
g:\projects\c++\polygon-engine\engine\engine\debug\texture.obj
g:\projects\c++\polygon-engine\engine\engine\debug\window.obj
g:\projects\c++\polygon-engine\engine\engine\debug\fileutils.obj
g:\projects\c++\polygon-engine\engine\engine\debug\inputhandler.obj
g:\projects\c++\polygon-engine\engine\engine\debug\matrix4f.obj
g:\projects\c++\polygon-engine\engine\engine\debug\vector2f.obj
g:\projects\c++\polygon-engine\engine\engine\debug\vector3f.obj
g:\projects\c++\polygon-engine\engine\engine\debug\vector4f.obj
g:\onedrive\documenten\visual studio 2017\projects\polygon-engine\engine\engine\debug\vc141.pdb
g:\onedrive\documenten\visual studio 2017\projects\polygon-engine\engine\engine\debug\vc141.idb
g:\onedrive\documenten\visual studio 2017\projects\polygon-engine\engine\engine\debug\engine.obj
g:\onedrive\documenten\visual studio 2017\projects\polygon-engine\engine\engine\debug\enity.obj
g:\onedrive\documenten\visual studio 2017\projects\polygon-engine\engine\engine\debug\entitybehaviour.obj
g:\onedrive\documenten\visual studio 2017\projects\polygon-engine\engine\engine\debug\mesh.obj
g:\onedrive\documenten\visual studio 2017\projects\polygon-engine\engine\engine\debug\model.obj
g:\onedrive\documenten\visual studio 2017\projects\polygon-engine\engine\engine\debug\buffer.obj
g:\onedrive\documenten\visual studio 2017\projects\polygon-engine\engine\engine\debug\indexbuffer.obj
g:\onedrive\documenten\visual studio 2017\projects\polygon-engine\engine\engine\debug\vertexarray.obj
g:\onedrive\documenten\visual studio 2017\projects\polygon-engine\engine\engine\debug\material.obj
g:\onedrive\documenten\visual studio 2017\projects\polygon-engine\engine\engine\debug\simplerenderer.obj
g:\onedrive\documenten\visual studio 2017\projects\polygon-engine\engine\engine\debug\shader.obj
g:\onedrive\documenten\visual studio 2017\projects\polygon-engine\engine\engine\debug\texture.obj
g:\onedrive\documenten\visual studio 2017\projects\polygon-engine\engine\engine\debug\window.obj
g:\onedrive\documenten\visual studio 2017\projects\polygon-engine\engine\engine\debug\fileutils.obj
g:\onedrive\documenten\visual studio 2017\projects\polygon-engine\engine\engine\debug\inputhandler.obj
g:\onedrive\documenten\visual studio 2017\projects\polygon-engine\engine\engine\debug\matrix4f.obj
g:\onedrive\documenten\visual studio 2017\projects\polygon-engine\engine\engine\debug\vector2f.obj
g:\onedrive\documenten\visual studio 2017\projects\polygon-engine\engine\engine\debug\vector3f.obj
g:\onedrive\documenten\visual studio 2017\projects\polygon-engine\engine\engine\debug\vector4f.obj
g:\projects\c++\polygon-engine\engine\debug\engine.ilk
g:\projects\c++\polygon-engine\engine\debug\engine.exe
g:\projects\c++\polygon-engine\engine\debug\engine.pdb
g:\onedrive\documenten\visual studio 2017\projects\polygon-engine\engine\debug\engine.ilk
g:\onedrive\documenten\visual studio 2017\projects\polygon-engine\engine\debug\engine.exe
g:\onedrive\documenten\visual studio 2017\projects\polygon-engine\engine\debug\engine.pdb
g:\onedrive\documenten\visual studio 2017\projects\polygon-engine\engine\engine\debug\engine.tlog\cl.command.1.tlog
g:\onedrive\documenten\visual studio 2017\projects\polygon-engine\engine\engine\debug\engine.tlog\cl.read.1.tlog
g:\onedrive\documenten\visual studio 2017\projects\polygon-engine\engine\engine\debug\engine.tlog\cl.write.1.tlog
g:\onedrive\documenten\visual studio 2017\projects\polygon-engine\engine\engine\debug\engine.tlog\link.command.1.tlog
g:\onedrive\documenten\visual studio 2017\projects\polygon-engine\engine\engine\debug\engine.tlog\link.read.1.tlog
g:\onedrive\documenten\visual studio 2017\projects\polygon-engine\engine\engine\debug\engine.tlog\link.write.1.tlog
